C:\VS projects\KemperQuoteAng2\KemperQuoteAngular2\dist\out-tsc\app\WebSessionDRC\Customer.js
C:\VS projects\KemperQuoteAng2\KemperQuoteAngular2\dist\out-tsc\app\WebSessionDRC\Customer.js.map
C:\VS projects\KemperQuoteAng2\KemperQuoteAngular2\dist\out-tsc\app\WebSessionDRC\Driver.js
C:\VS projects\KemperQuoteAng2\KemperQuoteAngular2\dist\out-tsc\app\WebSessionDRC\Driver.js.map
C:\VS projects\KemperQuoteAng2\KemperQuoteAngular2\dist\out-tsc\app\WebSessionDRC\Drivers.js
C:\VS projects\KemperQuoteAng2\KemperQuoteAngular2\dist\out-tsc\app\WebSessionDRC\Drivers.js.map
C:\VS projects\KemperQuoteAng2\KemperQuoteAngular2\dist\out-tsc\app\WebSessionDRC\Vehicle.js
C:\VS projects\KemperQuoteAng2\KemperQuoteAngular2\dist\out-tsc\app\WebSessionDRC\Vehicle.js.map
C:\VS projects\KemperQuoteAng2\KemperQuoteAngular2\dist\out-tsc\app\WebSessionDRC\Vehicles.js
C:\VS projects\KemperQuoteAng2\KemperQuoteAngular2\dist\out-tsc\app\WebSessionDRC\Vehicles.js.map
C:\VS projects\KemperQuoteAng2\KemperQuoteAngular2\dist\out-tsc\app\WebSessionDRC\PolicyInfo.js
C:\VS projects\KemperQuoteAng2\KemperQuoteAngular2\dist\out-tsc\app\WebSessionDRC\PolicyInfo.js.map
C:\VS projects\KemperQuoteAng2\KemperQuoteAngular2\dist\out-tsc\app\WebSessionDRC\QuoteInfo.js
C:\VS projects\KemperQuoteAng2\KemperQuoteAngular2\dist\out-tsc\app\WebSessionDRC\QuoteInfo.js.map
C:\VS projects\KemperQuoteAng2\KemperQuoteAngular2\dist\out-tsc\app\WebSessionDRC\PolicyCoverage.js
C:\VS projects\KemperQuoteAng2\KemperQuoteAngular2\dist\out-tsc\app\WebSessionDRC\PolicyCoverage.js.map
C:\VS projects\KemperQuoteAng2\KemperQuoteAngular2\dist\out-tsc\app\WebSessionDRC\Coverage.js
C:\VS projects\KemperQuoteAng2\KemperQuoteAngular2\dist\out-tsc\app\WebSessionDRC\Coverage.js.map
C:\VS projects\KemperQuoteAng2\KemperQuoteAngular2\dist\out-tsc\app\WebSessionDRC\Coverages.js
C:\VS projects\KemperQuoteAng2\KemperQuoteAngular2\dist\out-tsc\app\WebSessionDRC\Coverages.js.map
C:\VS projects\KemperQuoteAng2\KemperQuoteAngular2\dist\out-tsc\app\WebSessionDRC\ErrorMessage.js
C:\VS projects\KemperQuoteAng2\KemperQuoteAngular2\dist\out-tsc\app\WebSessionDRC\ErrorMessage.js.map
C:\VS projects\KemperQuoteAng2\KemperQuoteAngular2\dist\out-tsc\app\WebSessionDRC\AddInfo.js
C:\VS projects\KemperQuoteAng2\KemperQuoteAngular2\dist\out-tsc\app\WebSessionDRC\AddInfo.js.map
C:\VS projects\KemperQuoteAng2\KemperQuoteAngular2\dist\out-tsc\app\WebSessionDRC\Quote.js
C:\VS projects\KemperQuoteAng2\KemperQuoteAngular2\dist\out-tsc\app\WebSessionDRC\Quote.js.map
C:\VS projects\KemperQuoteAng2\KemperQuoteAngular2\dist\out-tsc\app\WebSessionDRC\Limit.js
C:\VS projects\KemperQuoteAng2\KemperQuoteAngular2\dist\out-tsc\app\WebSessionDRC\Limit.js.map
C:\VS projects\KemperQuoteAng2\KemperQuoteAngular2\dist\out-tsc\app\WebSessionDRC\SessionCoverage.js
C:\VS projects\KemperQuoteAng2\KemperQuoteAngular2\dist\out-tsc\app\WebSessionDRC\SessionCoverage.js.map
C:\VS projects\KemperQuoteAng2\KemperQuoteAngular2\dist\out-tsc\app\WebSessionDRC\CoverageError.js
C:\VS projects\KemperQuoteAng2\KemperQuoteAngular2\dist\out-tsc\app\WebSessionDRC\CoverageError.js.map
C:\VS projects\KemperQuoteAng2\KemperQuoteAngular2\dist\out-tsc\app\WebSessionDRC\PolicyCoverageErrors.js
C:\VS projects\KemperQuoteAng2\KemperQuoteAngular2\dist\out-tsc\app\WebSessionDRC\PolicyCoverageErrors.js.map
C:\VS projects\KemperQuoteAng2\KemperQuoteAngular2\dist\out-tsc\app\WebSessionDRC\VehicleCoverageErrors.js
C:\VS projects\KemperQuoteAng2\KemperQuoteAngular2\dist\out-tsc\app\WebSessionDRC\VehicleCoverageErrors.js.map
C:\VS projects\KemperQuoteAng2\KemperQuoteAngular2\dist\out-tsc\app\WebSessionDRC\PayPlan.js
C:\VS projects\KemperQuoteAng2\KemperQuoteAngular2\dist\out-tsc\app\WebSessionDRC\PayPlan.js.map
C:\VS projects\KemperQuoteAng2\KemperQuoteAngular2\dist\out-tsc\app\WebSessionDRC\PayPlans.js
C:\VS projects\KemperQuoteAng2\KemperQuoteAngular2\dist\out-tsc\app\WebSessionDRC\PayPlans.js.map
C:\VS projects\KemperQuoteAng2\KemperQuoteAngular2\dist\out-tsc\app\WebSessionDRC\Discount.js
C:\VS projects\KemperQuoteAng2\KemperQuoteAngular2\dist\out-tsc\app\WebSessionDRC\Discount.js.map
C:\VS projects\KemperQuoteAng2\KemperQuoteAngular2\dist\out-tsc\app\WebSessionDRC\CoveragePageDiscounts.js
C:\VS projects\KemperQuoteAng2\KemperQuoteAngular2\dist\out-tsc\app\WebSessionDRC\CoveragePageDiscounts.js.map
C:\VS projects\KemperQuoteAng2\KemperQuoteAngular2\dist\out-tsc\app\WebSessionDRC\WebSessionDRC.js
C:\VS projects\KemperQuoteAng2\KemperQuoteAngular2\dist\out-tsc\app\WebSessionDRC\WebSessionDRC.js.map
C:\VS projects\KemperQuoteAng2\KemperQuoteAngular2\dist\out-tsc\app\header.component.js
C:\VS projects\KemperQuoteAng2\KemperQuoteAngular2\dist\out-tsc\app\header.component.js.map
C:\VS projects\KemperQuoteAng2\KemperQuoteAngular2\dist\out-tsc\app\app.component.js
C:\VS projects\KemperQuoteAng2\KemperQuoteAngular2\dist\out-tsc\app\app.component.js.map
C:\VS projects\KemperQuoteAng2\KemperQuoteAngular2\dist\out-tsc\app\applicant\address.js
C:\VS projects\KemperQuoteAng2\KemperQuoteAngular2\dist\out-tsc\app\applicant\address.js.map
C:\VS projects\KemperQuoteAng2\KemperQuoteAngular2\dist\out-tsc\app\applicant\states.js
C:\VS projects\KemperQuoteAng2\KemperQuoteAngular2\dist\out-tsc\app\applicant\states.js.map
C:\VS projects\KemperQuoteAng2\KemperQuoteAngular2\dist\out-tsc\app\applicant\Option.js
C:\VS projects\KemperQuoteAng2\KemperQuoteAngular2\dist\out-tsc\app\applicant\Option.js.map
C:\VS projects\KemperQuoteAng2\KemperQuoteAngular2\dist\out-tsc\app\applicant\HomeRentOptions.js
C:\VS projects\KemperQuoteAng2\KemperQuoteAngular2\dist\out-tsc\app\applicant\HomeRentOptions.js.map
C:\VS projects\KemperQuoteAng2\KemperQuoteAngular2\dist\out-tsc\app\applicant\HomeownerShipOptions.js
C:\VS projects\KemperQuoteAng2\KemperQuoteAngular2\dist\out-tsc\app\applicant\HomeownerShipOptions.js.map
C:\VS projects\KemperQuoteAng2\KemperQuoteAngular2\dist\out-tsc\app\applicant\HowDidYouHearOptions.js
C:\VS projects\KemperQuoteAng2\KemperQuoteAngular2\dist\out-tsc\app\applicant\HowDidYouHearOptions.js.map
C:\VS projects\KemperQuoteAng2\KemperQuoteAngular2\dist\out-tsc\app\session.service.js
C:\VS projects\KemperQuoteAng2\KemperQuoteAngular2\dist\out-tsc\app\session.service.js.map
C:\VS projects\KemperQuoteAng2\KemperQuoteAngular2\dist\out-tsc\app\applicant\applicant.component.js
C:\VS projects\KemperQuoteAng2\KemperQuoteAngular2\dist\out-tsc\app\applicant\applicant.component.js.map
C:\VS projects\KemperQuoteAng2\KemperQuoteAngular2\dist\out-tsc\app\Utilities.js
C:\VS projects\KemperQuoteAng2\KemperQuoteAngular2\dist\out-tsc\app\Utilities.js.map
C:\VS projects\KemperQuoteAng2\KemperQuoteAngular2\dist\out-tsc\app\policyInfo\Option.js
C:\VS projects\KemperQuoteAng2\KemperQuoteAngular2\dist\out-tsc\app\policyInfo\Option.js.map
C:\VS projects\KemperQuoteAng2\KemperQuoteAngular2\dist\out-tsc\app\policyInfo\HowLongInsuredOptions.js
C:\VS projects\KemperQuoteAng2\KemperQuoteAngular2\dist\out-tsc\app\policyInfo\HowLongInsuredOptions.js.map
C:\VS projects\KemperQuoteAng2\KemperQuoteAngular2\dist\out-tsc\app\policyInfo\MonthsInsuredOptions.js
C:\VS projects\KemperQuoteAng2\KemperQuoteAngular2\dist\out-tsc\app\policyInfo\MonthsInsuredOptions.js.map
C:\VS projects\KemperQuoteAng2\KemperQuoteAngular2\dist\out-tsc\app\policyInfo\BiLimitOptions.js
C:\VS projects\KemperQuoteAng2\KemperQuoteAngular2\dist\out-tsc\app\policyInfo\BiLimitOptions.js.map
C:\VS projects\KemperQuoteAng2\KemperQuoteAngular2\dist\out-tsc\app\policyInfo\YesNoOptions.js
C:\VS projects\KemperQuoteAng2\KemperQuoteAngular2\dist\out-tsc\app\policyInfo\YesNoOptions.js.map
C:\VS projects\KemperQuoteAng2\KemperQuoteAngular2\dist\out-tsc\app\policyInfo\policyInfo.component.js
C:\VS projects\KemperQuoteAng2\KemperQuoteAngular2\dist\out-tsc\app\policyInfo\policyInfo.component.js.map
C:\VS projects\KemperQuoteAng2\KemperQuoteAngular2\dist\out-tsc\app\drivers\enum.js
C:\VS projects\KemperQuoteAng2\KemperQuoteAngular2\dist\out-tsc\app\drivers\enum.js.map
C:\VS projects\KemperQuoteAng2\KemperQuoteAngular2\dist\out-tsc\app\drivers\Option.js
C:\VS projects\KemperQuoteAng2\KemperQuoteAngular2\dist\out-tsc\app\drivers\Option.js.map
C:\VS projects\KemperQuoteAng2\KemperQuoteAngular2\dist\out-tsc\app\drivers\YesNoOptions.js
C:\VS projects\KemperQuoteAng2\KemperQuoteAngular2\dist\out-tsc\app\drivers\YesNoOptions.js.map
C:\VS projects\KemperQuoteAng2\KemperQuoteAngular2\dist\out-tsc\app\drivers\MaleFemaleOptions.js
C:\VS projects\KemperQuoteAng2\KemperQuoteAngular2\dist\out-tsc\app\drivers\MaleFemaleOptions.js.map
C:\VS projects\KemperQuoteAng2\KemperQuoteAngular2\dist\out-tsc\app\drivers\RelationshipOptions.js
C:\VS projects\KemperQuoteAng2\KemperQuoteAngular2\dist\out-tsc\app\drivers\RelationshipOptions.js.map
C:\VS projects\KemperQuoteAng2\KemperQuoteAngular2\dist\out-tsc\app\drivers\MaritalStatusOptions.js
C:\VS projects\KemperQuoteAng2\KemperQuoteAngular2\dist\out-tsc\app\drivers\MaritalStatusOptions.js.map
C:\VS projects\KemperQuoteAng2\KemperQuoteAngular2\dist\out-tsc\app\drivers\DriverItem.js
C:\VS projects\KemperQuoteAng2\KemperQuoteAngular2\dist\out-tsc\app\drivers\DriverItem.js.map
C:\VS projects\KemperQuoteAng2\KemperQuoteAngular2\dist\out-tsc\app\drivers\ManageDriver.component.js
C:\VS projects\KemperQuoteAng2\KemperQuoteAngular2\dist\out-tsc\app\drivers\ManageDriver.component.js.map
C:\VS projects\KemperQuoteAng2\KemperQuoteAngular2\dist\out-tsc\app\drivers\drivers.component.js
C:\VS projects\KemperQuoteAng2\KemperQuoteAngular2\dist\out-tsc\app\drivers\drivers.component.js.map
C:\VS projects\KemperQuoteAng2\KemperQuoteAngular2\dist\out-tsc\app\vehicles\enum.js
C:\VS projects\KemperQuoteAng2\KemperQuoteAngular2\dist\out-tsc\app\vehicles\enum.js.map
C:\VS projects\KemperQuoteAng2\KemperQuoteAngular2\dist\out-tsc\app\vehicles\Option.js
C:\VS projects\KemperQuoteAng2\KemperQuoteAngular2\dist\out-tsc\app\vehicles\Option.js.map
C:\VS projects\KemperQuoteAng2\KemperQuoteAngular2\dist\out-tsc\app\vehicles\YesNoOptions.js
C:\VS projects\KemperQuoteAng2\KemperQuoteAngular2\dist\out-tsc\app\vehicles\YesNoOptions.js.map
C:\VS projects\KemperQuoteAng2\KemperQuoteAngular2\dist\out-tsc\app\vehicles\vehicleYearOptions.js
C:\VS projects\KemperQuoteAng2\KemperQuoteAngular2\dist\out-tsc\app\vehicles\vehicleYearOptions.js.map
C:\VS projects\KemperQuoteAng2\KemperQuoteAngular2\dist\out-tsc\app\vehicles\primaryUseOptions.js
C:\VS projects\KemperQuoteAng2\KemperQuoteAngular2\dist\out-tsc\app\vehicles\primaryUseOptions.js.map
C:\VS projects\KemperQuoteAng2\KemperQuoteAngular2\dist\out-tsc\app\vehicles\airbagOptions.js
C:\VS projects\KemperQuoteAng2\KemperQuoteAngular2\dist\out-tsc\app\vehicles\airbagOptions.js.map
C:\VS projects\KemperQuoteAng2\KemperQuoteAngular2\dist\out-tsc\app\vehicles\antiTheftOptions.js
C:\VS projects\KemperQuoteAng2\KemperQuoteAngular2\dist\out-tsc\app\vehicles\antiTheftOptions.js.map
C:\VS projects\KemperQuoteAng2\KemperQuoteAngular2\dist\out-tsc\app\vehicles\antiLockBrakesOptions.js
C:\VS projects\KemperQuoteAng2\KemperQuoteAngular2\dist\out-tsc\app\vehicles\antiLockBrakesOptions.js.map
C:\VS projects\KemperQuoteAng2\KemperQuoteAngular2\dist\out-tsc\app\vehicles\daytimeRunningLightsOptions.js
C:\VS projects\KemperQuoteAng2\KemperQuoteAngular2\dist\out-tsc\app\vehicles\daytimeRunningLightsOptions.js.map
C:\VS projects\KemperQuoteAng2\KemperQuoteAngular2\dist\out-tsc\app\vehicles\seatBeltOptions.js
C:\VS projects\KemperQuoteAng2\KemperQuoteAngular2\dist\out-tsc\app\vehicles\seatBeltOptions.js.map
C:\VS projects\KemperQuoteAng2\KemperQuoteAngular2\dist\out-tsc\app\vehicles\VehicleItem.js
C:\VS projects\KemperQuoteAng2\KemperQuoteAngular2\dist\out-tsc\app\vehicles\VehicleItem.js.map
C:\VS projects\KemperQuoteAng2\KemperQuoteAngular2\dist\out-tsc\app\vehicles\ManageVehicle.component.js
C:\VS projects\KemperQuoteAng2\KemperQuoteAngular2\dist\out-tsc\app\vehicles\ManageVehicle.component.js.map
C:\VS projects\KemperQuoteAng2\KemperQuoteAngular2\dist\out-tsc\app\vehicles\vehiclesList.component.js
C:\VS projects\KemperQuoteAng2\KemperQuoteAngular2\dist\out-tsc\app\vehicles\vehiclesList.component.js.map
C:\VS projects\KemperQuoteAng2\KemperQuoteAngular2\dist\out-tsc\app\coverages\Limit.js
C:\VS projects\KemperQuoteAng2\KemperQuoteAngular2\dist\out-tsc\app\coverages\Limit.js.map
C:\VS projects\KemperQuoteAng2\KemperQuoteAngular2\dist\out-tsc\app\coverages\coverageItem.js
C:\VS projects\KemperQuoteAng2\KemperQuoteAngular2\dist\out-tsc\app\coverages\coverageItem.js.map
C:\VS projects\KemperQuoteAng2\KemperQuoteAngular2\dist\out-tsc\app\coverages\enum.js
C:\VS projects\KemperQuoteAng2\KemperQuoteAngular2\dist\out-tsc\app\coverages\enum.js.map
C:\VS projects\KemperQuoteAng2\KemperQuoteAngular2\dist\out-tsc\app\coverages\ManageCoverages.component.js
C:\VS projects\KemperQuoteAng2\KemperQuoteAngular2\dist\out-tsc\app\coverages\ManageCoverages.component.js.map
C:\VS projects\KemperQuoteAng2\KemperQuoteAngular2\dist\out-tsc\app\coverages\coverages.component.js
C:\VS projects\KemperQuoteAng2\KemperQuoteAngular2\dist\out-tsc\app\coverages\coverages.component.js.map
C:\VS projects\KemperQuoteAng2\KemperQuoteAngular2\dist\out-tsc\app\summary\summary.component.js
C:\VS projects\KemperQuoteAng2\KemperQuoteAngular2\dist\out-tsc\app\summary\summary.component.js.map
C:\VS projects\KemperQuoteAng2\KemperQuoteAngular2\dist\out-tsc\app\app.router.js
C:\VS projects\KemperQuoteAng2\KemperQuoteAngular2\dist\out-tsc\app\app.router.js.map
C:\VS projects\KemperQuoteAng2\KemperQuoteAngular2\dist\out-tsc\app\footer.component.js
C:\VS projects\KemperQuoteAng2\KemperQuoteAngular2\dist\out-tsc\app\footer.component.js.map
C:\VS projects\KemperQuoteAng2\KemperQuoteAngular2\dist\out-tsc\app\app.module.js
C:\VS projects\KemperQuoteAng2\KemperQuoteAngular2\dist\out-tsc\app\app.module.js.map
C:\VS projects\KemperQuoteAng2\KemperQuoteAngular2\dist\out-tsc\environments\environment.js
C:\VS projects\KemperQuoteAng2\KemperQuoteAngular2\dist\out-tsc\environments\environment.js.map
C:\VS projects\KemperQuoteAng2\KemperQuoteAngular2\dist\out-tsc\main.js
C:\VS projects\KemperQuoteAng2\KemperQuoteAngular2\dist\out-tsc\main.js.map
C:\VS projects\KemperQuoteAng2\KemperQuoteAngular2\dist\out-tsc\polyfills.js
C:\VS projects\KemperQuoteAng2\KemperQuoteAngular2\dist\out-tsc\polyfills.js.map
C:\VS projects\KemperQuoteAng2\KemperQuoteAngular2\dist\out-tsc\test.js
C:\VS projects\KemperQuoteAng2\KemperQuoteAngular2\dist\out-tsc\test.js.map
C:\VS projects\KemperQuoteAng2\KemperQuoteAngular2\dist\out-tsc\environments\environment.prod.js
C:\VS projects\KemperQuoteAng2\KemperQuoteAngular2\dist\out-tsc\environments\environment.prod.js.map
C:\VS projects\KemperQuoteAng2\KemperQuoteAngular2\dist\out-tsc\app\coverages\dummyCoverages.js
C:\VS projects\KemperQuoteAng2\KemperQuoteAngular2\dist\out-tsc\app\coverages\dummyCoverages.js.map
C:\VS projects\KemperQuoteAng2\KemperQuoteAngular2\dist\out-tsc\app\coverages\vehicleCoverages.js
C:\VS projects\KemperQuoteAng2\KemperQuoteAngular2\dist\out-tsc\app\coverages\vehicleCoverages.js.map
C:\VS projects\KemperQuoteAng2\KemperQuoteAngular2\dist\out-tsc\app\vehicles\vehicleMakeOptions.js
C:\VS projects\KemperQuoteAng2\KemperQuoteAngular2\dist\out-tsc\app\vehicles\vehicleMakeOptions.js.map
C:\VS projects\KemperQuoteAng2\KemperQuoteAngular2\dist\out-tsc\app\vehicles\vehicleModelOptions.js
C:\VS projects\KemperQuoteAng2\KemperQuoteAngular2\dist\out-tsc\app\vehicles\vehicleModelOptions.js.map
C:\VS projects\KemperQuoteAng2\KemperQuoteAngular2\dist\out-tsc\app\vehicles\vehicles.component.js
C:\VS projects\KemperQuoteAng2\KemperQuoteAngular2\dist\out-tsc\app\vehicles\vehicles.component.js.map
C:\VS projects\KemperQuoteAng2\KemperQuoteAngular2\dist\out-tsc\app\WebSessionDRC\coverageItem.js
C:\VS projects\KemperQuoteAng2\KemperQuoteAngular2\dist\out-tsc\app\WebSessionDRC\coverageItem.js.map
C:\VS projects\KemperQuoteAng2\KemperQuoteAngular2\dist\out-tsc\app\WebSessionDRC\PolicyCoverages.js
C:\VS projects\KemperQuoteAng2\KemperQuoteAngular2\dist\out-tsc\app\WebSessionDRC\PolicyCoverages.js.map
C:\VS projects\KemperQuoteAng2\KemperQuoteAngular2\dist\out-tsc\app\WebSessionDRC\VehicleCoverages.js
C:\VS projects\KemperQuoteAng2\KemperQuoteAngular2\dist\out-tsc\app\WebSessionDRC\VehicleCoverages.js.map
